<?xml version="1.0" encoding="UTF-8"?>
<testsuite xmlns:xsi="http://www.w3.org/2001/XMLSchema-instance" xsi:noNamespaceSchemaLocation="https://maven.apache.org/surefire/maven-surefire-plugin/xsd/surefire-test-report.xsd" version="3.0.2" name="com.ayush.bajajassignment.BajajassignmentApplicationTests" time="1.344" tests="1" errors="0" skipped="0" failures="0">
  <properties>
    <property name="java.specification.version" value="21"/>
    <property name="sun.jnu.encoding" value="UTF-8"/>
    <property name="java.class.path" value="/Users/amaurya5556/Code/java/bajajassignment/target/test-classes:/Users/amaurya5556/Code/java/bajajassignment/target/classes:/Users/amaurya5556/.m2/repository/org/springframework/boot/spring-boot-starter-web/3.5.6/spring-boot-starter-web-3.5.6.jar:/Users/amaurya5556/.m2/repository/org/springframework/boot/spring-boot-starter/3.5.6/spring-boot-starter-3.5.6.jar:/Users/amaurya5556/.m2/repository/org/springframework/boot/spring-boot/3.5.6/spring-boot-3.5.6.jar:/Users/amaurya5556/.m2/repository/org/springframework/boot/spring-boot-autoconfigure/3.5.6/spring-boot-autoconfigure-3.5.6.jar:/Users/amaurya5556/.m2/repository/org/springframework/boot/spring-boot-starter-logging/3.5.6/spring-boot-starter-logging-3.5.6.jar:/Users/amaurya5556/.m2/repository/ch/qos/logback/logback-classic/1.5.18/logback-classic-1.5.18.jar:/Users/amaurya5556/.m2/repository/ch/qos/logback/logback-core/1.5.18/logback-core-1.5.18.jar:/Users/amaurya5556/.m2/repository/org/apache/logging/log4j/log4j-to-slf4j/2.24.3/log4j-to-slf4j-2.24.3.jar:/Users/amaurya5556/.m2/repository/org/apache/logging/log4j/log4j-api/2.24.3/log4j-api-2.24.3.jar:/Users/amaurya5556/.m2/repository/org/slf4j/jul-to-slf4j/2.0.17/jul-to-slf4j-2.0.17.jar:/Users/amaurya5556/.m2/repository/jakarta/annotation/jakarta.annotation-api/2.1.1/jakarta.annotation-api-2.1.1.jar:/Users/amaurya5556/.m2/repository/org/yaml/snakeyaml/2.4/snakeyaml-2.4.jar:/Users/amaurya5556/.m2/repository/org/springframework/boot/spring-boot-starter-json/3.5.6/spring-boot-starter-json-3.5.6.jar:/Users/amaurya5556/.m2/repository/com/fasterxml/jackson/core/jackson-databind/2.19.2/jackson-databind-2.19.2.jar:/Users/amaurya5556/.m2/repository/com/fasterxml/jackson/core/jackson-annotations/2.19.2/jackson-annotations-2.19.2.jar:/Users/amaurya5556/.m2/repository/com/fasterxml/jackson/core/jackson-core/2.19.2/jackson-core-2.19.2.jar:/Users/amaurya5556/.m2/repository/com/fasterxml/jackson/datatype/jackson-datatype-jdk8/2.19.2/jackson-datatype-jdk8-2.19.2.jar:/Users/amaurya5556/.m2/repository/com/fasterxml/jackson/datatype/jackson-datatype-jsr310/2.19.2/jackson-datatype-jsr310-2.19.2.jar:/Users/amaurya5556/.m2/repository/com/fasterxml/jackson/module/jackson-module-parameter-names/2.19.2/jackson-module-parameter-names-2.19.2.jar:/Users/amaurya5556/.m2/repository/org/springframework/boot/spring-boot-starter-tomcat/3.5.6/spring-boot-starter-tomcat-3.5.6.jar:/Users/amaurya5556/.m2/repository/org/apache/tomcat/embed/tomcat-embed-core/10.1.46/tomcat-embed-core-10.1.46.jar:/Users/amaurya5556/.m2/repository/org/apache/tomcat/embed/tomcat-embed-el/10.1.46/tomcat-embed-el-10.1.46.jar:/Users/amaurya5556/.m2/repository/org/apache/tomcat/embed/tomcat-embed-websocket/10.1.46/tomcat-embed-websocket-10.1.46.jar:/Users/amaurya5556/.m2/repository/org/springframework/spring-web/6.2.11/spring-web-6.2.11.jar:/Users/amaurya5556/.m2/repository/org/springframework/spring-beans/6.2.11/spring-beans-6.2.11.jar:/Users/amaurya5556/.m2/repository/io/micrometer/micrometer-observation/1.15.4/micrometer-observation-1.15.4.jar:/Users/amaurya5556/.m2/repository/io/micrometer/micrometer-commons/1.15.4/micrometer-commons-1.15.4.jar:/Users/amaurya5556/.m2/repository/org/springframework/spring-webmvc/6.2.11/spring-webmvc-6.2.11.jar:/Users/amaurya5556/.m2/repository/org/springframework/spring-aop/6.2.11/spring-aop-6.2.11.jar:/Users/amaurya5556/.m2/repository/org/springframework/spring-context/6.2.11/spring-context-6.2.11.jar:/Users/amaurya5556/.m2/repository/org/springframework/spring-expression/6.2.11/spring-expression-6.2.11.jar:/Users/amaurya5556/.m2/repository/org/projectlombok/lombok/1.18.40/lombok-1.18.40.jar:/Users/amaurya5556/.m2/repository/org/springframework/boot/spring-boot-starter-test/3.5.6/spring-boot-starter-test-3.5.6.jar:/Users/amaurya5556/.m2/repository/org/springframework/boot/spring-boot-test/3.5.6/spring-boot-test-3.5.6.jar:/Users/amaurya5556/.m2/repository/org/springframework/boot/spring-boot-test-autoconfigure/3.5.6/spring-boot-test-autoconfigure-3.5.6.jar:/Users/amaurya5556/.m2/repository/com/jayway/jsonpath/json-path/2.9.0/json-path-2.9.0.jar:/Users/amaurya5556/.m2/repository/org/slf4j/slf4j-api/2.0.17/slf4j-api-2.0.17.jar:/Users/amaurya5556/.m2/repository/jakarta/xml/bind/jakarta.xml.bind-api/4.0.2/jakarta.xml.bind-api-4.0.2.jar:/Users/amaurya5556/.m2/repository/jakarta/activation/jakarta.activation-api/2.1.4/jakarta.activation-api-2.1.4.jar:/Users/amaurya5556/.m2/repository/net/minidev/json-smart/2.5.2/json-smart-2.5.2.jar:/Users/amaurya5556/.m2/repository/net/minidev/accessors-smart/2.5.2/accessors-smart-2.5.2.jar:/Users/amaurya5556/.m2/repository/org/ow2/asm/asm/9.7.1/asm-9.7.1.jar:/Users/amaurya5556/.m2/repository/org/assertj/assertj-core/3.27.4/assertj-core-3.27.4.jar:/Users/amaurya5556/.m2/repository/net/bytebuddy/byte-buddy/1.17.7/byte-buddy-1.17.7.jar:/Users/amaurya5556/.m2/repository/org/awaitility/awaitility/4.2.2/awaitility-4.2.2.jar:/Users/amaurya5556/.m2/repository/org/hamcrest/hamcrest/3.0/hamcrest-3.0.jar:/Users/amaurya5556/.m2/repository/org/junit/jupiter/junit-jupiter/5.12.2/junit-jupiter-5.12.2.jar:/Users/amaurya5556/.m2/repository/org/junit/jupiter/junit-jupiter-api/5.12.2/junit-jupiter-api-5.12.2.jar:/Users/amaurya5556/.m2/repository/org/opentest4j/opentest4j/1.3.0/opentest4j-1.3.0.jar:/Users/amaurya5556/.m2/repository/org/junit/platform/junit-platform-commons/1.12.2/junit-platform-commons-1.12.2.jar:/Users/amaurya5556/.m2/repository/org/apiguardian/apiguardian-api/1.1.2/apiguardian-api-1.1.2.jar:/Users/amaurya5556/.m2/repository/org/junit/jupiter/junit-jupiter-params/5.12.2/junit-jupiter-params-5.12.2.jar:/Users/amaurya5556/.m2/repository/org/junit/jupiter/junit-jupiter-engine/5.12.2/junit-jupiter-engine-5.12.2.jar:/Users/amaurya5556/.m2/repository/org/junit/platform/junit-platform-engine/1.12.2/junit-platform-engine-1.12.2.jar:/Users/amaurya5556/.m2/repository/org/mockito/mockito-core/5.17.0/mockito-core-5.17.0.jar:/Users/amaurya5556/.m2/repository/net/bytebuddy/byte-buddy-agent/1.17.7/byte-buddy-agent-1.17.7.jar:/Users/amaurya5556/.m2/repository/org/objenesis/objenesis/3.3/objenesis-3.3.jar:/Users/amaurya5556/.m2/repository/org/mockito/mockito-junit-jupiter/5.17.0/mockito-junit-jupiter-5.17.0.jar:/Users/amaurya5556/.m2/repository/org/skyscreamer/jsonassert/1.5.3/jsonassert-1.5.3.jar:/Users/amaurya5556/.m2/repository/com/vaadin/external/google/android-json/0.0.20131108.vaadin1/android-json-0.0.20131108.vaadin1.jar:/Users/amaurya5556/.m2/repository/org/springframework/spring-core/6.2.11/spring-core-6.2.11.jar:/Users/amaurya5556/.m2/repository/org/springframework/spring-jcl/6.2.11/spring-jcl-6.2.11.jar:/Users/amaurya5556/.m2/repository/org/springframework/spring-test/6.2.11/spring-test-6.2.11.jar:/Users/amaurya5556/.m2/repository/org/xmlunit/xmlunit-core/2.10.4/xmlunit-core-2.10.4.jar:"/>
    <property name="java.vm.vendor" value="Eclipse Adoptium"/>
    <property name="sun.arch.data.model" value="64"/>
    <property name="java.vendor.url" value="https://adoptium.net/"/>
    <property name="user.timezone" value="Asia/Kolkata"/>
    <property name="os.name" value="Mac OS X"/>
    <property name="java.vm.specification.version" value="21"/>
    <property name="APPLICATION_NAME" value="bajajassignment"/>
    <property name="sun.java.launcher" value="SUN_STANDARD"/>
    <property name="user.country" value="IN"/>
    <property name="sun.boot.library.path" value="/Users/amaurya5556/.sdkman/candidates/java/21.0.7-tem/lib"/>
    <property name="sun.java.command" value="/Users/amaurya5556/Code/java/bajajassignment/target/surefire/surefirebooter-20250922154107675_3.jar /Users/amaurya5556/Code/java/bajajassignment/target/surefire 2025-09-22T15-41-07_636-jvmRun1 surefire-20250922154107675_1tmp surefire_0-20250922154107675_2tmp"/>
    <property name="http.nonProxyHosts" value="local|*.local|169.254/16|*.169.254/16"/>
    <property name="jdk.debug" value="release"/>
    <property name="surefire.test.class.path" value="/Users/amaurya5556/Code/java/bajajassignment/target/test-classes:/Users/amaurya5556/Code/java/bajajassignment/target/classes:/Users/amaurya5556/.m2/repository/org/springframework/boot/spring-boot-starter-web/3.5.6/spring-boot-starter-web-3.5.6.jar:/Users/amaurya5556/.m2/repository/org/springframework/boot/spring-boot-starter/3.5.6/spring-boot-starter-3.5.6.jar:/Users/amaurya5556/.m2/repository/org/springframework/boot/spring-boot/3.5.6/spring-boot-3.5.6.jar:/Users/amaurya5556/.m2/repository/org/springframework/boot/spring-boot-autoconfigure/3.5.6/spring-boot-autoconfigure-3.5.6.jar:/Users/amaurya5556/.m2/repository/org/springframework/boot/spring-boot-starter-logging/3.5.6/spring-boot-starter-logging-3.5.6.jar:/Users/amaurya5556/.m2/repository/ch/qos/logback/logback-classic/1.5.18/logback-classic-1.5.18.jar:/Users/amaurya5556/.m2/repository/ch/qos/logback/logback-core/1.5.18/logback-core-1.5.18.jar:/Users/amaurya5556/.m2/repository/org/apache/logging/log4j/log4j-to-slf4j/2.24.3/log4j-to-slf4j-2.24.3.jar:/Users/amaurya5556/.m2/repository/org/apache/logging/log4j/log4j-api/2.24.3/log4j-api-2.24.3.jar:/Users/amaurya5556/.m2/repository/org/slf4j/jul-to-slf4j/2.0.17/jul-to-slf4j-2.0.17.jar:/Users/amaurya5556/.m2/repository/jakarta/annotation/jakarta.annotation-api/2.1.1/jakarta.annotation-api-2.1.1.jar:/Users/amaurya5556/.m2/repository/org/yaml/snakeyaml/2.4/snakeyaml-2.4.jar:/Users/amaurya5556/.m2/repository/org/springframework/boot/spring-boot-starter-json/3.5.6/spring-boot-starter-json-3.5.6.jar:/Users/amaurya5556/.m2/repository/com/fasterxml/jackson/core/jackson-databind/2.19.2/jackson-databind-2.19.2.jar:/Users/amaurya5556/.m2/repository/com/fasterxml/jackson/core/jackson-annotations/2.19.2/jackson-annotations-2.19.2.jar:/Users/amaurya5556/.m2/repository/com/fasterxml/jackson/core/jackson-core/2.19.2/jackson-core-2.19.2.jar:/Users/amaurya5556/.m2/repository/com/fasterxml/jackson/datatype/jackson-datatype-jdk8/2.19.2/jackson-datatype-jdk8-2.19.2.jar:/Users/amaurya5556/.m2/repository/com/fasterxml/jackson/datatype/jackson-datatype-jsr310/2.19.2/jackson-datatype-jsr310-2.19.2.jar:/Users/amaurya5556/.m2/repository/com/fasterxml/jackson/module/jackson-module-parameter-names/2.19.2/jackson-module-parameter-names-2.19.2.jar:/Users/amaurya5556/.m2/repository/org/springframework/boot/spring-boot-starter-tomcat/3.5.6/spring-boot-starter-tomcat-3.5.6.jar:/Users/amaurya5556/.m2/repository/org/apache/tomcat/embed/tomcat-embed-core/10.1.46/tomcat-embed-core-10.1.46.jar:/Users/amaurya5556/.m2/repository/org/apache/tomcat/embed/tomcat-embed-el/10.1.46/tomcat-embed-el-10.1.46.jar:/Users/amaurya5556/.m2/repository/org/apache/tomcat/embed/tomcat-embed-websocket/10.1.46/tomcat-embed-websocket-10.1.46.jar:/Users/amaurya5556/.m2/repository/org/springframework/spring-web/6.2.11/spring-web-6.2.11.jar:/Users/amaurya5556/.m2/repository/org/springframework/spring-beans/6.2.11/spring-beans-6.2.11.jar:/Users/amaurya5556/.m2/repository/io/micrometer/micrometer-observation/1.15.4/micrometer-observation-1.15.4.jar:/Users/amaurya5556/.m2/repository/io/micrometer/micrometer-commons/1.15.4/micrometer-commons-1.15.4.jar:/Users/amaurya5556/.m2/repository/org/springframework/spring-webmvc/6.2.11/spring-webmvc-6.2.11.jar:/Users/amaurya5556/.m2/repository/org/springframework/spring-aop/6.2.11/spring-aop-6.2.11.jar:/Users/amaurya5556/.m2/repository/org/springframework/spring-context/6.2.11/spring-context-6.2.11.jar:/Users/amaurya5556/.m2/repository/org/springframework/spring-expression/6.2.11/spring-expression-6.2.11.jar:/Users/amaurya5556/.m2/repository/org/projectlombok/lombok/1.18.40/lombok-1.18.40.jar:/Users/amaurya5556/.m2/repository/org/springframework/boot/spring-boot-starter-test/3.5.6/spring-boot-starter-test-3.5.6.jar:/Users/amaurya5556/.m2/repository/org/springframework/boot/spring-boot-test/3.5.6/spring-boot-test-3.5.6.jar:/Users/amaurya5556/.m2/repository/org/springframework/boot/spring-boot-test-autoconfigure/3.5.6/spring-boot-test-autoconfigure-3.5.6.jar:/Users/amaurya5556/.m2/repository/com/jayway/jsonpath/json-path/2.9.0/json-path-2.9.0.jar:/Users/amaurya5556/.m2/repository/org/slf4j/slf4j-api/2.0.17/slf4j-api-2.0.17.jar:/Users/amaurya5556/.m2/repository/jakarta/xml/bind/jakarta.xml.bind-api/4.0.2/jakarta.xml.bind-api-4.0.2.jar:/Users/amaurya5556/.m2/repository/jakarta/activation/jakarta.activation-api/2.1.4/jakarta.activation-api-2.1.4.jar:/Users/amaurya5556/.m2/repository/net/minidev/json-smart/2.5.2/json-smart-2.5.2.jar:/Users/amaurya5556/.m2/repository/net/minidev/accessors-smart/2.5.2/accessors-smart-2.5.2.jar:/Users/amaurya5556/.m2/repository/org/ow2/asm/asm/9.7.1/asm-9.7.1.jar:/Users/amaurya5556/.m2/repository/org/assertj/assertj-core/3.27.4/assertj-core-3.27.4.jar:/Users/amaurya5556/.m2/repository/net/bytebuddy/byte-buddy/1.17.7/byte-buddy-1.17.7.jar:/Users/amaurya5556/.m2/repository/org/awaitility/awaitility/4.2.2/awaitility-4.2.2.jar:/Users/amaurya5556/.m2/repository/org/hamcrest/hamcrest/3.0/hamcrest-3.0.jar:/Users/amaurya5556/.m2/repository/org/junit/jupiter/junit-jupiter/5.12.2/junit-jupiter-5.12.2.jar:/Users/amaurya5556/.m2/repository/org/junit/jupiter/junit-jupiter-api/5.12.2/junit-jupiter-api-5.12.2.jar:/Users/amaurya5556/.m2/repository/org/opentest4j/opentest4j/1.3.0/opentest4j-1.3.0.jar:/Users/amaurya5556/.m2/repository/org/junit/platform/junit-platform-commons/1.12.2/junit-platform-commons-1.12.2.jar:/Users/amaurya5556/.m2/repository/org/apiguardian/apiguardian-api/1.1.2/apiguardian-api-1.1.2.jar:/Users/amaurya5556/.m2/repository/org/junit/jupiter/junit-jupiter-params/5.12.2/junit-jupiter-params-5.12.2.jar:/Users/amaurya5556/.m2/repository/org/junit/jupiter/junit-jupiter-engine/5.12.2/junit-jupiter-engine-5.12.2.jar:/Users/amaurya5556/.m2/repository/org/junit/platform/junit-platform-engine/1.12.2/junit-platform-engine-1.12.2.jar:/Users/amaurya5556/.m2/repository/org/mockito/mockito-core/5.17.0/mockito-core-5.17.0.jar:/Users/amaurya5556/.m2/repository/net/bytebuddy/byte-buddy-agent/1.17.7/byte-buddy-agent-1.17.7.jar:/Users/amaurya5556/.m2/repository/org/objenesis/objenesis/3.3/objenesis-3.3.jar:/Users/amaurya5556/.m2/repository/org/mockito/mockito-junit-jupiter/5.17.0/mockito-junit-jupiter-5.17.0.jar:/Users/amaurya5556/.m2/repository/org/skyscreamer/jsonassert/1.5.3/jsonassert-1.5.3.jar:/Users/amaurya5556/.m2/repository/com/vaadin/external/google/android-json/0.0.20131108.vaadin1/android-json-0.0.20131108.vaadin1.jar:/Users/amaurya5556/.m2/repository/org/springframework/spring-core/6.2.11/spring-core-6.2.11.jar:/Users/amaurya5556/.m2/repository/org/springframework/spring-jcl/6.2.11/spring-jcl-6.2.11.jar:/Users/amaurya5556/.m2/repository/org/springframework/spring-test/6.2.11/spring-test-6.2.11.jar:/Users/amaurya5556/.m2/repository/org/xmlunit/xmlunit-core/2.10.4/xmlunit-core-2.10.4.jar:"/>
    <property name="sun.cpu.endian" value="little"/>
    <property name="user.home" value="/Users/amaurya5556"/>
    <property name="user.language" value="en"/>
    <property name="java.specification.vendor" value="Oracle Corporation"/>
    <property name="java.version.date" value="2025-04-15"/>
    <property name="java.home" value="/Users/amaurya5556/.sdkman/candidates/java/21.0.7-tem"/>
    <property name="file.separator" value="/"/>
    <property name="basedir" value="/Users/amaurya5556/Code/java/bajajassignment"/>
    <property name="java.vm.compressedOopsMode" value="Zero based"/>
    <property name="line.separator" value="&#10;"/>
    <property name="java.vm.specification.vendor" value="Oracle Corporation"/>
    <property name="java.specification.name" value="Java Platform API Specification"/>
    <property name="FILE_LOG_CHARSET" value="UTF-8"/>
    <property name="java.awt.headless" value="true"/>
    <property name="apple.awt.application.name" value="ForkedBooter"/>
    <property name="surefire.real.class.path" value="/Users/amaurya5556/Code/java/bajajassignment/target/surefire/surefirebooter-20250922154107675_3.jar"/>
    <property name="sun.management.compiler" value="HotSpot 64-Bit Tiered Compilers"/>
    <property name="ftp.nonProxyHosts" value="local|*.local|169.254/16|*.169.254/16"/>
    <property name="java.runtime.version" value="21.0.7+6-LTS"/>
    <property name="user.name" value="amaurya5556"/>
    <property name="stdout.encoding" value="UTF-8"/>
    <property name="path.separator" value=":"/>
    <property name="os.version" value="26.0"/>
    <property name="java.runtime.name" value="OpenJDK Runtime Environment"/>
    <property name="file.encoding" value="UTF-8"/>
    <property name="java.vm.name" value="OpenJDK 64-Bit Server VM"/>
    <property name="java.vendor.version" value="Temurin-21.0.7+6"/>
    <property name="localRepository" value="/Users/amaurya5556/.m2/repository"/>
    <property name="java.vendor.url.bug" value="https://github.com/adoptium/adoptium-support/issues"/>
    <property name="java.io.tmpdir" value="/var/folders/qs/fv6z7tzj205fv5lp_kqtvc4c0000gn/T/"/>
    <property name="java.version" value="21.0.7"/>
    <property name="user.dir" value="/Users/amaurya5556/Code/java/bajajassignment"/>
    <property name="os.arch" value="aarch64"/>
    <property name="java.vm.specification.name" value="Java Virtual Machine Specification"/>
    <property name="PID" value="28471"/>
    <property name="CONSOLE_LOG_CHARSET" value="UTF-8"/>
    <property name="native.encoding" value="UTF-8"/>
    <property name="java.library.path" value="/Users/amaurya5556/Library/Java/Extensions:/Library/Java/Extensions:/Network/Library/Java/Extensions:/System/Library/Java/Extensions:/usr/lib/java:."/>
    <property name="java.vm.info" value="mixed mode, sharing"/>
    <property name="stderr.encoding" value="UTF-8"/>
    <property name="java.vendor" value="Eclipse Adoptium"/>
    <property name="java.vm.version" value="21.0.7+6-LTS"/>
    <property name="sun.io.unicode.encoding" value="UnicodeBig"/>
    <property name="socksNonProxyHosts" value="local|*.local|169.254/16|*.169.254/16"/>
    <property name="java.class.version" value="65.0"/>
    <property name="LOGGED_APPLICATION_NAME" value="[bajajassignment] "/>
  </properties>
  <testcase name="contextLoads" classname="com.ayush.bajajassignment.BajajassignmentApplicationTests" time="0.319">
    <system-out><![CDATA[15:41:07.946 [main] INFO org.springframework.test.context.support.AnnotationConfigContextLoaderUtils -- Could not detect default configuration classes for test class [com.ayush.bajajassignment.BajajassignmentApplicationTests]: BajajassignmentApplicationTests does not declare any static, non-private, non-final, nested classes annotated with @Configuration.
15:41:07.984 [main] INFO org.springframework.boot.test.context.SpringBootTestContextBootstrapper -- Found @SpringBootConfiguration com.ayush.bajajassignment.BajajassignmentApplication for test class com.ayush.bajajassignment.BajajassignmentApplicationTests

  .   ____          _            __ _ _
 /\\ / ___'_ __ _ _(_)_ __  __ _ \ \ \ \
( ( )\___ | '_ | '_| | '_ \/ _` | \ \ \ \
 \\/  ___)| |_)| | | | | || (_| |  ) ) ) )
  '  |____| .__|_| |_|_| |_\__, | / / / /
 =========|_|==============|___/=/_/_/_/

 :: Spring Boot ::                (v3.5.6)

2025-09-22T15:41:08.148+05:30  INFO 28471 --- [bajajassignment] [           main] c.a.b.BajajassignmentApplicationTests    : Starting BajajassignmentApplicationTests using Java 21.0.7 with PID 28471 (started by amaurya5556 in /Users/amaurya5556/Code/java/bajajassignment)
2025-09-22T15:41:08.149+05:30  INFO 28471 --- [bajajassignment] [           main] c.a.b.BajajassignmentApplicationTests    : No active profile set, falling back to 1 default profile: "default"
2025-09-22T15:41:08.562+05:30  INFO 28471 --- [bajajassignment] [           main] c.a.b.BajajassignmentApplicationTests    : Started BajajassignmentApplicationTests in 0.529 seconds (process running for 0.852)
2025-09-22T15:41:08.564+05:30  INFO 28471 --- [bajajassignment] [           main] c.a.b.runner.ApiTaskRunner               : Application started, running API tasks...
2025-09-22T15:41:08.564+05:30  INFO 28471 --- [bajajassignment] [           main] c.a.b.runner.ApiTaskRunner               : Sending initial request to: https://bfhldevapigw.healthrx.co.in/hiring/generateWebhook/JAVA
2025-09-22T15:41:08.619+05:30 DEBUG 28471 --- [bajajassignment] [           main] o.s.web.client.RestTemplate              : HTTP POST https://bfhldevapigw.healthrx.co.in/hiring/generateWebhook/JAVA
2025-09-22T15:41:08.636+05:30 DEBUG 28471 --- [bajajassignment] [           main] o.s.web.client.RestTemplate              : Accept=[application/json, application/*+json]
2025-09-22T15:41:08.639+05:30 DEBUG 28471 --- [bajajassignment] [           main] o.s.web.client.RestTemplate              : Writing [InitialRequest(name=Ayush Maurya, regNo=2240401124, email=2240401124@stu.manit.ac.in)] with org.springframework.http.converter.json.MappingJackson2HttpMessageConverter
2025-09-22T15:41:08.871+05:30 DEBUG 28471 --- [bajajassignment] [           main] o.s.web.client.RestTemplate              : Response 200 OK
2025-09-22T15:41:08.872+05:30 DEBUG 28471 --- [bajajassignment] [           main] o.s.web.client.RestTemplate              : Reading to [com.ayush.bajajassignment.dto.InitialResponse]
2025-09-22T15:41:08.876+05:30  INFO 28471 --- [bajajassignment] [           main] c.a.b.runner.ApiTaskRunner               : Successfully received webhook URL: https://bfhldevapigw.healthrx.co.in/hiring/testWebhook/JAVA
2025-09-22T15:41:08.876+05:30  INFO 28471 --- [bajajassignment] [           main] c.a.b.runner.ApiTaskRunner               : Access Token received.
2025-09-22T15:41:08.876+05:30  INFO 28471 --- [bajajassignment] [           main] c.a.b.runner.ApiTaskRunner               : Registration number ends in an even number (24). Using Question 2.
2025-09-22T15:41:08.876+05:30  INFO 28471 --- [bajajassignment] [           main] c.a.b.runner.ApiTaskRunner               : Submitting final query to: https://bfhldevapigw.healthrx.co.in/hiring/testWebhook/JAVA
2025-09-22T15:41:08.877+05:30 DEBUG 28471 --- [bajajassignment] [           main] o.s.web.client.RestTemplate              : HTTP POST https://bfhldevapigw.healthrx.co.in/hiring/testWebhook/JAVA
2025-09-22T15:41:08.877+05:30 DEBUG 28471 --- [bajajassignment] [           main] o.s.web.client.RestTemplate              : Accept=[text/plain, application/json, application/*+json, */*]
2025-09-22T15:41:08.877+05:30 DEBUG 28471 --- [bajajassignment] [           main] o.s.web.client.RestTemplate              : Writing [FinalRequest(finalQuery=SELECT e1.EMP_ID, e1.FIRST_NAME, e1.LAST_NAME, d.DEPARTMENT_NAME, COUNT(e2.EMP_ID) AS YOUNGER_EMPLOYEES_COUNT FROM EMPLOYEE e1 JOIN DEPARTMENT d ON e1.DEPARTMENT = d.DEPARTMENT_ID LEFT JOIN EMPLOYEE e2 ON e1.DEPARTMENT = e2.DEPARTMENT AND e2.DOB > e1.DOB GROUP BY e1.EMP_ID, e1.FIRST_NAME, e1.LAST_NAME, d.DEPARTMENT_NAME ORDER BY e1.EMP_ID DESC;)] as "application/json"
2025-09-22T15:41:08.912+05:30 DEBUG 28471 --- [bajajassignment] [           main] o.s.web.client.RestTemplate              : Response 200 OK
2025-09-22T15:41:08.912+05:30 DEBUG 28471 --- [bajajassignment] [           main] o.s.web.client.RestTemplate              : Reading to [java.lang.String] as "application/json"
2025-09-22T15:41:08.912+05:30  INFO 28471 --- [bajajassignment] [           main] c.a.b.runner.ApiTaskRunner               : Submission successful! Response: {"success":true,"message":"Webhook processed successfully"}
]]></system-out>
    <system-err><![CDATA[Mockito is currently self-attaching to enable the inline-mock-maker. This will no longer work in future releases of the JDK. Please add Mockito as an agent to your build as described in Mockito's documentation: https://javadoc.io/doc/org.mockito/mockito-core/latest/org.mockito/org/mockito/Mockito.html#0.3
WARNING: A Java agent has been loaded dynamically (/Users/amaurya5556/.m2/repository/net/bytebuddy/byte-buddy-agent/1.17.7/byte-buddy-agent-1.17.7.jar)
WARNING: If a serviceability tool is in use, please run with -XX:+EnableDynamicAgentLoading to hide this warning
WARNING: If a serviceability tool is not in use, please run with -Djdk.instrument.traceUsage for more information
WARNING: Dynamic loading of agents will be disallowed by default in a future release
]]></system-err>
  </testcase>
</testsuite>